<?xml version="1.0" encoding="UTF-8"?>
<!-- Generated by org.testng.reporters.JUnitReportReporter -->
<testsuite hostname="LAPTOP-QHMIOBC5" failures="0" tests="1" name="com.Project_Dummy.Practice.DummyTest1" time="0.010" errors="0" timestamp="2023-11-28T15:25:21 IST" skipped="0">
  <testcase classname="com.Project_Dummy.Practice.DummyTest1" name="m1" time="0.010"/>
  <system-out/>
</testsuite> <!-- com.Project_Dummy.Practice.DummyTest1 -->
